<?xml version="1.0" encoding="UTF-8"?>
<testng-results ignored="0" total="2" passed="2" failed="0" skipped="0">
  <reporter-output>
  </reporter-output>
  <suite started-at="2023-09-27T15:41:36 IST" name="Default suite" finished-at="2023-09-27T15:42:02 IST" duration-ms="25915">
    <groups>
      <group name="cucumber">
        <method signature="AbstractTestNGCucumberTests.runScenario(io.cucumber.testng.PickleWrapper,io.cucumber.testng.FeatureWrapper)[pri:0, instance:com.runner.runner$CucumberRunnerTests@3de8f619]" name="runScenario" class="io.cucumber.testng.AbstractTestNGCucumberTests"/>
      </group> <!-- cucumber -->
    </groups>
    <test started-at="2023-09-27T15:41:36 IST" name="Default test" finished-at="2023-09-27T15:42:02 IST" duration-ms="25915">
      <class name="com.runner.runner$CucumberRunnerTests">
        <test-method is-config="true" signature="setUpClass(org.testng.ITestContext)[pri:0, instance:com.runner.runner$CucumberRunnerTests@3de8f619]" started-at="2023-09-27T15:41:37 IST" name="setUpClass" finished-at="2023-09-27T15:41:37 IST" duration-ms="659" status="PASS">
          <params>
            <param index="0">
              <value>
                <![CDATA[org.testng.TestRunner@3386ed8]]>
              </value>
            </param>
          </params>
          <reporter-output>
          </reporter-output>
        </test-method> <!-- setUpClass -->
        <test-method signature="runScenario(io.cucumber.testng.PickleWrapper,io.cucumber.testng.FeatureWrapper)[pri:0, instance:com.runner.runner$CucumberRunnerTests@3de8f619]" started-at="2023-09-27T15:41:37 IST" name="runScenario" description="Runs Cucumber Scenarios" data-provider="scenarios" finished-at="2023-09-27T15:41:50 IST" duration-ms="12916" status="PASS">
          <params>
            <param index="0">
              <value>
                <![CDATA["Login with a valid credential"]]>
              </value>
            </param>
            <param index="1">
              <value>
                <![CDATA["Login Feature"]]>
              </value>
            </param>
          </params>
          <reporter-output>
          </reporter-output>
        </test-method> <!-- runScenario -->
        <test-method signature="runScenario(io.cucumber.testng.PickleWrapper,io.cucumber.testng.FeatureWrapper)[pri:0, instance:com.runner.runner$CucumberRunnerTests@3de8f619]" started-at="2023-09-27T15:41:50 IST" name="runScenario" description="Runs Cucumber Scenarios" data-provider="scenarios" finished-at="2023-09-27T15:41:59 IST" duration-ms="9321" status="PASS">
          <params>
            <param index="0">
              <value>
                <![CDATA["Login with an invalid credential"]]>
              </value>
            </param>
            <param index="1">
              <value>
                <![CDATA["Login Feature"]]>
              </value>
            </param>
          </params>
          <reporter-output>
          </reporter-output>
        </test-method> <!-- runScenario -->
        <test-method is-config="true" signature="tearDownClass()[pri:0, instance:com.runner.runner$CucumberRunnerTests@3de8f619]" started-at="2023-09-27T15:41:59 IST" name="tearDownClass" finished-at="2023-09-27T15:42:02 IST" duration-ms="2950" status="PASS">
          <reporter-output>
          </reporter-output>
        </test-method> <!-- tearDownClass -->
      </class> <!-- com.runner.runner$CucumberRunnerTests -->
    </test> <!-- Default test -->
  </suite> <!-- Default suite -->
</testng-results>
