<?xml version="1.0" encoding="UTF-8"?>
<!-- Generated by org.testng.reporters.JUnitReportReporter -->
<testsuite hostname="L-INE-9W3M8S3" failures="0" tests="21" name="com.runner.runner$CucumberRunnerTests" time="182.454" errors="1" timestamp="2023-09-29T11:16:51 IST" skipped="0">
  <testcase classname="com.runner.runner$CucumberRunnerTests" name="runScenario" time="9.677"/>
  <testcase classname="com.runner.runner$CucumberRunnerTests" name="runScenario" time="17.680">
    <error message="Unable to find element with locator By.xpath: //span[text()=&#039;Confirm&#039;]
For documentation on this error, please visit: https://www.selenium.dev/documentation/webdriver/troubleshooting/errors#no-such-element-exception
Build info: version: &#039;4.12.1&#039;, revision: &#039;8e34639b11&#039;
System info: os.name: &#039;Windows 10&#039;, os.arch: &#039;amd64&#039;, os.version: &#039;10.0&#039;, java.version: &#039;17.0.7&#039;
Driver info: driver.version: RemoteWebDriver" type="org.openqa.selenium.NoSuchElementException">
      <![CDATA[org.openqa.selenium.NoSuchElementException: Unable to find element with locator By.xpath: //span[text()='Confirm']
For documentation on this error, please visit: https://www.selenium.dev/documentation/webdriver/troubleshooting/errors#no-such-element-exception
Build info: version: '4.12.1', revision: '8e34639b11'
System info: os.name: 'Windows 10', os.arch: 'amd64', os.version: '10.0', java.version: '17.0.7'
Driver info: driver.version: RemoteWebDriver
at org.openqa.selenium.remote.ElementLocation$ElementFinder$2.findElement(ElementLocation.java:168)
at org.openqa.selenium.remote.ElementLocation.findElement(ElementLocation.java:59)
at org.openqa.selenium.remote.RemoteWebDriver.findElement(RemoteWebDriver.java:359)
at org.openqa.selenium.remote.RemoteWebDriver.findElement(RemoteWebDriver.java:353)
at org.openqa.selenium.support.pagefactory.DefaultElementLocator.findElement(DefaultElementLocator.java:68)
at org.openqa.selenium.support.pagefactory.internal.LocatingElementHandler.invoke(LocatingElementHandler.java:38)
at jdk.proxy2/jdk.proxy2.$Proxy42.click(Unknown Source)
at com.actions.VoucherActions.clickConfirm(VoucherActions.java:56)
at com.stepdefination.VoucherDefinition.click_on_confirmm(VoucherDefinition.java:152)
at ✽.Click on confirmm(file:///C:/Users/psugandhi/Documents/GitHub/Team-Gladiators/Team_Gladiators/src/test/resources/feature/Vouchers.feature:11)
]]>
    </error>
  </testcase> <!-- runScenario -->
  <testcase classname="com.runner.runner$CucumberRunnerTests" name="runScenario" time="7.621"/>
  <testcase classname="com.runner.runner$CucumberRunnerTests" name="runScenario" time="8.000"/>
  <testcase classname="com.runner.runner$CucumberRunnerTests" name="runScenario" time="7.263"/>
  <testcase classname="com.runner.runner$CucumberRunnerTests" name="runScenario" time="5.338"/>
  <testcase classname="com.runner.runner$CucumberRunnerTests" name="runScenario" time="8.065"/>
  <testcase classname="com.runner.runner$CucumberRunnerTests" name="runScenario" time="7.162"/>
  <testcase classname="com.runner.runner$CucumberRunnerTests" name="runScenario" time="5.037"/>
  <testcase classname="com.runner.runner$CucumberRunnerTests" name="runScenario" time="9.974"/>
  <testcase classname="com.runner.runner$CucumberRunnerTests" name="runScenario" time="9.699"/>
  <testcase classname="com.runner.runner$CucumberRunnerTests" name="runScenario" time="7.546"/>
  <testcase classname="com.runner.runner$CucumberRunnerTests" name="runScenario" time="8.164"/>
  <testcase classname="com.runner.runner$CucumberRunnerTests" name="runScenario" time="7.084"/>
  <testcase classname="com.runner.runner$CucumberRunnerTests" name="runScenario" time="7.984"/>
  <testcase classname="com.runner.runner$CucumberRunnerTests" name="runScenario" time="9.584"/>
  <testcase classname="com.runner.runner$CucumberRunnerTests" name="runScenario" time="8.028"/>
  <testcase classname="com.runner.runner$CucumberRunnerTests" name="runScenario" time="7.479"/>
  <testcase classname="com.runner.runner$CucumberRunnerTests" name="runScenario" time="10.580"/>
  <testcase classname="com.runner.runner$CucumberRunnerTests" name="runScenario" time="12.873"/>
  <testcase classname="com.runner.runner$CucumberRunnerTests" name="runScenario" time="7.616"/>
</testsuite> <!-- com.runner.runner$CucumberRunnerTests -->
